<?xml version="1.0" encoding="UTF-8"?>
<testng-results skipped="0" failed="0" ignored="0" total="1" passed="1">
  <reporter-output>
  </reporter-output>
  <suite name="Default suite" duration-ms="10572" started-at="2019-07-27T08:44:17Z" finished-at="2019-07-27T08:44:28Z">
    <groups>
    </groups>
    <test name="Default test" duration-ms="10572" started-at="2019-07-27T08:44:17Z" finished-at="2019-07-27T08:44:28Z">
      <class name="ReadDataFromHTMLTable.AlertPopUpHandling">
        <test-method status="PASS" signature="AlertPopUp()[pri:0, instance:ReadDataFromHTMLTable.AlertPopUpHandling@62ee68d8]" name="AlertPopUp" duration-ms="10477" started-at="2019-07-27T08:44:17Z" finished-at="2019-07-27T08:44:28Z">
          <reporter-output>
          </reporter-output>
        </test-method> <!-- AlertPopUp -->
      </class> <!-- ReadDataFromHTMLTable.AlertPopUpHandling -->
    </test> <!-- Default test -->
  </suite> <!-- Default suite -->
</testng-results>
